#
# A fatal error has been detected by the Java Runtime Environment:
#
#  EXCEPTION_ACCESS_VIOLATION (0xc0000005) at pc=0x00007ffd6f59920a, pid=15952, tid=19620
#
# JRE version: OpenJDK Runtime Environment Temurin-17.0.5+8 (17.0.5+8) (build 17.0.5+8)
# Java VM: OpenJDK 64-Bit Server VM Temurin-17.0.5+8 (17.0.5+8, mixed mode, sharing, tiered, compressed oops, compressed class ptrs, g1 gc, windows-amd64)
# Problematic frame:
# C  [ntdll.dll+0x3920a]
#
# No core dump will be written. Minidumps are not enabled by default on client versions of Windows
#
# If you would like to submit a bug report, please visit:
#   https://github.com/adoptium/adoptium-support/issues
# The crash happened outside the Java Virtual Machine in native code.
# See problematic frame for where to report the bug.
#

---------------  S U M M A R Y ------------

Command Line: -agentlib:jdwp=transport=dt_socket,address=127.0.0.1:49304,suspend=y,server=n -javaagent:C:\Users\anton\AppData\Local\JetBrains\IntelliJIdea2022.2\captureAgent\debugger-agent.jar -Dfile.encoding=UTF-8 tictactoe.ApplicationRunner

Host: AMD Ryzen 5 5600H with Radeon Graphics         , 12 cores, 15G,  Windows 11 , 64 bit Build 22000 (10.0.22000.1335)
Time: Fri Jan 27 22:49:09 2023 RTZ 2 (s 11 , 64 bit Build 22000 (10.0.22000.1335) elapsed time: 14.267873 seconds (0d 0h 0m 14s)

---------------  T H R E A D  ---------------

Current thread (0x000001bafc0e77e0):  JavaThread "AWT-EventQueue-0" [_thread_in_native, id=19620, stack(0x0000008544b00000,0x0000008544c00000)]

Stack: [0x0000008544b00000,0x0000008544c00000],  sp=0x0000008544bfd1c0,  free space=1012k
Native frames: (J=compiled Java code, j=interpreted, Vv=VM code, C=native code)
C  [ntdll.dll+0x3920a]
C  [ntdll.dll+0x35b0b]
C  [ntdll.dll+0xa7b2e]
C  [ntdll.dll+0x1d4d1]
C  [ntdll.dll+0x3a76c]
C  [ntdll.dll+0x3a5d2]
C  0x00007ffd27f7b6fc

Java frames: (J=compiled Java code, j=interpreted, Vv=VM code)
j  sun.java2d.d3d.D3DSurfaceData.initOps(III)V+0 java.desktop@17.0.5
j  sun.java2d.d3d.D3DSurfaceData.<init>(Lsun/awt/windows/WComponentPeer;Lsun/java2d/d3d/D3DGraphicsConfig;IILjava/awt/Image;Ljava/awt/image/ColorModel;IILsun/java2d/pipe/hw/ExtendedBufferCapabilities$VSyncType;I)V+212 java.desktop@17.0.5
j  sun.java2d.d3d.D3DSurfaceData.createData(Lsun/java2d/d3d/D3DGraphicsConfig;IILjava/awt/image/ColorModel;Ljava/awt/Image;I)Lsun/java2d/d3d/D3DSurfaceData;+70 java.desktop@17.0.5
j  sun.java2d.d3d.D3DVolatileSurfaceManager.initAcceleratedSurface()Lsun/java2d/SurfaceData;+142 java.desktop@17.0.5
j  sun.java2d.d3d.D3DVolatileSurfaceManager.restoreAcceleratedSurface()V+49 java.desktop@17.0.5
j  sun.awt.image.VolatileSurfaceManager.validate(Ljava/awt/GraphicsConfiguration;)I+94 java.desktop@17.0.5
j  sun.awt.image.SunVolatileImage.validate(Ljava/awt/GraphicsConfiguration;)I+5 java.desktop@17.0.5
j  javax.swing.RepaintManager$PaintManager.paint(Ljavax/swing/JComponent;Ljavax/swing/JComponent;Ljava/awt/Graphics;IIII)Z+78 java.desktop@17.0.5
j  javax.swing.RepaintManager.paint(Ljavax/swing/JComponent;Ljavax/swing/JComponent;Ljava/awt/Graphics;IIII)V+52 java.desktop@17.0.5
j  javax.swing.JComponent.paint(Ljava/awt/Graphics;)V+221 java.desktop@17.0.5
j  java.awt.GraphicsCallback$PaintCallback.run(Ljava/awt/Component;Ljava/awt/Graphics;)V+2 java.desktop@17.0.5
j  sun.awt.SunGraphicsCallback.runOneComponent(Ljava/awt/Component;Ljava/awt/Rectangle;Ljava/awt/Graphics;Ljava/awt/Shape;I)V+130 java.desktop@17.0.5
j  sun.awt.SunGraphicsCallback.runComponents([Ljava/awt/Component;Ljava/awt/Graphics;I)V+157 java.desktop@17.0.5
j  java.awt.Container.paint(Ljava/awt/Graphics;)V+58 java.desktop@17.0.5
j  java.awt.Window.paint(Ljava/awt/Graphics;)V+68 java.desktop@17.0.5
j  javax.swing.RepaintManager$4.run()Ljava/lang/Void;+142 java.desktop@17.0.5
j  javax.swing.RepaintManager$4.run()Ljava/lang/Object;+1 java.desktop@17.0.5
J 649 c1 java.security.AccessController.executePrivileged(Ljava/security/PrivilegedAction;Ljava/security/AccessControlContext;Ljava/lang/Class;)Ljava/lang/Object; java.base@17.0.5 (65 bytes) @ 0x000001bae00691cc [0x000001bae0069060+0x000000000000016c]
j  java.security.AccessController.doPrivileged(Ljava/security/PrivilegedAction;Ljava/security/AccessControlContext;)Ljava/lang/Object;+13 java.base@17.0.5
j  java.security.ProtectionDomain$JavaSecurityAccessImpl.doIntersectionPrivilege(Ljava/security/PrivilegedAction;Ljava/security/AccessControlContext;Ljava/security/AccessControlContext;)Ljava/lang/Object;+18 java.base@17.0.5
j  javax.swing.RepaintManager.paintDirtyRegions(Ljava/util/Map;)V+154 java.desktop@17.0.5
j  javax.swing.RepaintManager.paintDirtyRegions()V+46 java.desktop@17.0.5
j  javax.swing.RepaintManager.prePaintDirtyRegions()V+73 java.desktop@17.0.5
j  javax.swing.RepaintManager$ProcessingRunnable.run()V+37 java.desktop@17.0.5
j  java.awt.event.InvocationEvent.dispatch$$$capture()V+47 java.desktop@17.0.5
j  java.awt.event.InvocationEvent.dispatch()V+5 java.desktop@17.0.5
j  java.awt.EventQueue.dispatchEventImpl(Ljava/awt/AWTEvent;Ljava/lang/Object;)V+21 java.desktop@17.0.5
j  java.awt.EventQueue$4.run()Ljava/lang/Void;+32 java.desktop@17.0.5
j  java.awt.EventQueue$4.run()Ljava/lang/Object;+1 java.desktop@17.0.5
J 649 c1 java.security.AccessController.executePrivileged(Ljava/security/PrivilegedAction;Ljava/security/AccessControlContext;Ljava/lang/Class;)Ljava/lang/Object; java.base@17.0.5 (65 bytes) @ 0x000001bae00691cc [0x000001bae0069060+0x000000000000016c]
j  java.security.AccessController.doPrivileged(Ljava/security/PrivilegedAction;Ljava/security/AccessControlContext;)Ljava/lang/Object;+13 java.base@17.0.5
j  java.security.ProtectionDomain$JavaSecurityAccessImpl.doIntersectionPrivilege(Ljava/security/PrivilegedAction;Ljava/security/AccessControlContext;Ljava/security/AccessControlContext;)Ljava/lang/Object;+18 java.base@17.0.5
j  java.awt.EventQueue.dispatchEvent(Ljava/awt/AWTEvent;)V+46 java.desktop@17.0.5
j  java.awt.EventDispatchThread.pumpOneEventForFilters(I)V+78 java.desktop@17.0.5
j  java.awt.EventDispatchThread.pumpEventsForFilter(ILjava/awt/Conditional;Ljava/awt/EventFilter;)V+35 java.desktop@17.0.5
j  java.awt.EventDispatchThread.pumpEventsForHierarchy(ILjava/awt/Conditional;Ljava/awt/Component;)V+11 java.desktop@17.0.5
j  java.awt.EventDispatchThread.pumpEvents(ILjava/awt/Conditional;)V+4 java.desktop@17.0.5
j  java.awt.EventDispatchThread.pumpEvents(Ljava/awt/Conditional;)V+3 java.desktop@17.0.5
j  java.awt.EventDispatchThread.run()V+9 java.desktop@17.0.5
v  ~StubRoutines::call_stub

siginfo: EXCEPTION_ACCESS_VIOLATION (0xc0000005), reading address 0x00007ffd280ec1e0


Register to memory mapping:

RIP=0x00007ffd6f59920a ntdll.dll
RAX=0x0000008544bfd7f0 is pointing into the stack for thread: 0x000001bafc0e77e0
RBX=0x00007ffd27f7b6fc is an unknown value
RCX=0x0000000000000001 is an unknown value
RDX=0x00007ffd27f70000 is an unknown value
RSP=0x0000008544bfd1c0 is pointing into the stack for thread: 0x000001bafc0e77e0
RBP=0x0000008544bfd7d0 is pointing into the stack for thread: 0x000001bafc0e77e0
RSI=0x0000008544bfdeb0 is pointing into the stack for thread: 0x000001bafc0e77e0
RDI=0x00007ffd280ec1e0 is an unknown value
R8 =0x00007ffd27f7b6fc is an unknown value
R9 =0x00007ffd281057ec is an unknown value
R10=0x00007ffd27f70000 is an unknown value
R11=0x0000008544bfd2d0 is pointing into the stack for thread: 0x000001bafc0e77e0
R12=0x0000000000000001 is an unknown value
R13=0x0 is NULL
R14=0x0 is NULL
R15=0x00007ffd281057ec is an unknown value


Registers:
RAX=0x0000008544bfd7f0, RBX=0x00007ffd27f7b6fc, RCX=0x0000000000000001, RDX=0x00007ffd27f70000
RSP=0x0000008544bfd1c0, RBP=0x0000008544bfd7d0, RSI=0x0000008544bfdeb0, RDI=0x00007ffd280ec1e0
R8 =0x00007ffd27f7b6fc, R9 =0x00007ffd281057ec, R10=0x00007ffd27f70000, R11=0x0000008544bfd2d0
R12=0x0000000000000001, R13=0x0000000000000000, R14=0x0000000000000000, R15=0x00007ffd281057ec
RIP=0x00007ffd6f59920a, EFLAGS=0x0000000000010202

Top of Stack: (sp=0x0000008544bfd1c0)
0x0000008544bfd1c0:   00007ffd6f560000 00007ffd6f59a5d2
0x0000008544bfd1d0:   0000008544bfd240 00007ffd27f7b6fc
0x0000008544bfd1e0:   0000008544bfd7d0 00007ffd6f59a182
0x0000008544bfd1f0:   0000008500000000 0000008544bfd870
0x0000008544bfd200:   0000000000000000 00007ffd6f5f99b3
0x0000008544bfd210:   0000008544bfd890 00007ffd6f599d99
0x0000008544bfd220:   0000000000000000 00007ffd28105000
0x0000008544bfd230:   0000008544bfd9c0 0000000000000000
0x0000008544bfd240:   0000008544bfd2d0 00007ffd27f70000
0x0000008544bfd250:   0000000000000000 0000008544bfdeb0
0x0000008544bfd260:   0000000000000000 00007ffd6f595b0b
0x0000008544bfd270:   0000008544bfdeb0 00007ffd27f70000
0x0000008544bfd280:   00007ffd27f7b6fc 00007ffd281057ec
0x0000008544bfd290:   0000008544bfd2d0 0000000000000000
0x0000008544bfd2a0:   0000008544bfd7f0 0000008544bfd7e0
0x0000008544bfd2b0:   0000008544bfd7e8 0000008544bfd870 

Instructions: (pc=0x00007ffd6f59920a)
0x00007ffd6f59910a:   07 3d 00 00 20 00 0f 84 04 ff ff ff 41 8b c2 25
0x00007ffd6f59911a:   e0 ff ff 07 3d 00 00 40 00 0f 84 f1 fe ff ff 41
0x00007ffd6f59912a:   81 e2 1f 00 10 f8 45 0b d1 45 89 53 30 e9 27 ff
0x00007ffd6f59913a:   ff ff 41 8b 83 d0 04 00 00 41 8b 93 e0 04 00 00
0x00007ffd6f59914a:   3b c2 7f 50 45 8b 83 d4 04 00 00 45 8b 8b e4 04
0x00007ffd6f59915a:   00 00 41 8d 0c 00 41 8d 04 11 3b c8 7c 36 41 81
0x00007ffd6f59916a:   f8 30 05 00 00 72 2d 41 81 bb dc 04 00 00 d0 04
0x00007ffd6f59917a:   00 00 75 20 41 83 f9 40 72 1a 49 63 83 d8 04 00
0x00007ffd6f59918a:   00 49 8d 8b d0 04 00 00 48 03 c8 49 3b cb 0f 84
0x00007ffd6f59919a:   d4 fe ff ff 41 83 e2 bf 45 89 53 30 e9 c7 fe ff
0x00007ffd6f5991aa:   ff cc cc cc cc cc cc cc cc cc cc cc cc cc cc cc
0x00007ffd6f5991ba:   cc cc cc cc cc cc 4c 89 4c 24 20 4c 89 44 24 18
0x00007ffd6f5991ca:   48 89 54 24 10 53 56 57 41 54 41 55 41 56 41 57
0x00007ffd6f5991da:   48 83 ec 70 4d 8b f9 49 8b d8 4c 8b d2 44 8b e1
0x00007ffd6f5991ea:   4d 85 c9 0f 84 a7 70 08 00 45 33 f6 4c 89 74 24
0x00007ffd6f5991fa:   60 44 89 74 24 40 45 8b ee 41 8b 79 08 48 03 fa
0x00007ffd6f59920a:   0f b6 0f 8b f1 83 e6 07 48 8b 84 24 d8 00 00 00
0x00007ffd6f59921a:   48 85 c0 0f 85 95 02 00 00 83 fe 02 73 13 48 8b
0x00007ffd6f59922a:   d7 45 8b c6 48 8d 47 02 44 38 00 0f 84 dd 02 00
0x00007ffd6f59923a:   00 41 0f ba f4 1f 44 89 74 24 44 f6 47 03 0f 0f
0x00007ffd6f59924a:   85 28 02 00 00 44 39 74 24 44 0f 85 3d 02 00 00
0x00007ffd6f59925a:   4c 8b 8c 24 d0 00 00 00 49 8b 89 98 00 00 00 48
0x00007ffd6f59926a:   8b 84 24 e8 00 00 00 48 89 08 45 85 ed 0f 85 c7
0x00007ffd6f59927a:   00 00 00 83 fe 02 0f 83 e0 02 00 00 48 8b d3 0f
0x00007ffd6f59928a:   b6 0b 80 f9 48 75 19 80 7b 01 83 0f 84 62 03 00
0x00007ffd6f59929a:   00 80 f9 48 75 0a 80 7b 01 81 0f 84 3c 05 00 00
0x00007ffd6f5992aa:   0f b6 c1 24 fe 3c 48 75 0a 80 7b 01 8d 0f 84 72
0x00007ffd6f5992ba:   01 00 00 0f b6 0a 0f b6 c1 24 f8 3c 58 0f 84 08
0x00007ffd6f5992ca:   04 00 00 0f b6 c1 24 f0 4c 8d 42 01 3c 40 75 0e
0x00007ffd6f5992da:   41 0f b6 00 24 f8 3c 58 0f 84 8d 04 00 00 0f b6
0x00007ffd6f5992ea:   c1 80 f9 f2 0f 84 65 05 00 00 4c 0f 45 c2 8d 48
0x00007ffd6f5992fa:   3e 80 f9 01 0f 86 0c 03 00 00 3c f3 0f 84 26 05 


Stack slot to memory mapping:
stack at sp + 0 slots: 0x00007ffd6f560000 ntdll.dll
stack at sp + 1 slots: 0x00007ffd6f59a5d2 ntdll.dll
stack at sp + 2 slots: 0x0000008544bfd240 is pointing into the stack for thread: 0x000001bafc0e77e0
stack at sp + 3 slots: 0x00007ffd27f7b6fc is an unknown value
stack at sp + 4 slots: 0x0000008544bfd7d0 is pointing into the stack for thread: 0x000001bafc0e77e0
stack at sp + 5 slots: 0x00007ffd6f59a182 ntdll.dll
stack at sp + 6 slots: 0x0000008500000000 is an unknown value
stack at sp + 7 slots: 0x0000008544bfd870 is pointing into the stack for thread: 0x000001bafc0e77e0


---------------  P R O C E S S  ---------------

Threads class SMR info:
_java_thread_list=0x000001bafc06cc60, length=18, elements={
0x000001bafadc9260, 0x000001bafadccc30, 0x000001bafade1ea0, 0x000001bafade2850,
0x000001bafade7210, 0x000001bafade9bd0, 0x000001bafadeaf70, 0x000001bafb800dc0,
0x000001bafb80a6e0, 0x000001bafadb3b00, 0x000001bafb9b0590, 0x000001bafba1afd0,
0x000001bafbd9c760, 0x000001bafbda5720, 0x000001bafc0e77e0, 0x000001bad7eea3b0,
0x000001bafc124580, 0x000001bafc1258c0
}

Java Threads: ( => current thread )
  0x000001bafadc9260 JavaThread "Reference Handler" daemon [_thread_blocked, id=8988, stack(0x0000008542e00000,0x0000008542f00000)]
  0x000001bafadccc30 JavaThread "Finalizer" daemon [_thread_blocked, id=9196, stack(0x0000008542f00000,0x0000008543000000)]
  0x000001bafade1ea0 JavaThread "Signal Dispatcher" daemon [_thread_blocked, id=14124, stack(0x0000008543000000,0x0000008543100000)]
  0x000001bafade2850 JavaThread "Attach Listener" daemon [_thread_blocked, id=18660, stack(0x0000008543100000,0x0000008543200000)]
  0x000001bafade7210 JavaThread "Service Thread" daemon [_thread_blocked, id=18824, stack(0x0000008543200000,0x0000008543300000)]
  0x000001bafade9bd0 JavaThread "Monitor Deflation Thread" daemon [_thread_blocked, id=9460, stack(0x0000008543300000,0x0000008543400000)]
  0x000001bafadeaf70 JavaThread "C2 CompilerThread0" daemon [_thread_blocked, id=17572, stack(0x0000008543400000,0x0000008543500000)]
  0x000001bafb800dc0 JavaThread "C1 CompilerThread0" daemon [_thread_blocked, id=10080, stack(0x0000008543500000,0x0000008543600000)]
  0x000001bafb80a6e0 JavaThread "Sweeper thread" daemon [_thread_blocked, id=16720, stack(0x0000008543600000,0x0000008543700000)]
  0x000001bafadb3b00 JavaThread "Common-Cleaner" daemon [_thread_blocked, id=10740, stack(0x0000008543700000,0x0000008543800000)]
  0x000001bafb9b0590 JavaThread "JDWP Event Helper Thread" daemon [_thread_blocked, id=8136, stack(0x0000008543a00000,0x0000008543b00000)]
  0x000001bafba1afd0 JavaThread "Notification Thread" daemon [_thread_blocked, id=20440, stack(0x0000008543c00000,0x0000008543d00000)]
  0x000001bafbd9c760 JavaThread "Java2D Disposer" daemon [_thread_blocked, id=9088, stack(0x0000008543e00000,0x0000008543f00000)]
  0x000001bafbda5720 JavaThread "AWT-Shutdown" [_thread_blocked, id=18152, stack(0x0000008543f00000,0x0000008544000000)]
=>0x000001bafc0e77e0 JavaThread "AWT-EventQueue-0" [_thread_in_native, id=19620, stack(0x0000008544b00000,0x0000008544c00000)]
  0x000001bad7eea3b0 JavaThread "DestroyJavaVM" [_thread_blocked, id=20360, stack(0x0000008542700000,0x0000008542800000)]
  0x000001bafc124580 JavaThread "SIGINT handler" daemon [_thread_blocked, id=12784, stack(0x0000008543900000,0x0000008543a00000)]
  0x000001bafc1258c0 JavaThread "ToolkitShutdown" daemon [_thread_in_native, id=19344, stack(0x0000008543b00000,0x0000008543c00000)]

Other Threads:
  0x000001bafadc48c0 VMThread "VM Thread" [stack: 0x0000008542d00000,0x0000008542e00000] [id=9404]
  0x000001bad7f77d20 WatcherThread [stack: 0x0000008543d00000,0x0000008543e00000] [id=10340]
  0x000001bad7f56890 GCTaskThread "GC Thread#0" [stack: 0x0000008542800000,0x0000008542900000] [id=18576]
  0x000001bad7f67f00 ConcurrentGCThread "G1 Main Marker" [stack: 0x0000008542900000,0x0000008542a00000] [id=19396]
  0x000001bad7f6afc0 ConcurrentGCThread "G1 Conc#0" [stack: 0x0000008542a00000,0x0000008542b00000] [id=20404]
  0x000001bad7fbd9b0 ConcurrentGCThread "G1 Refine#0" [stack: 0x0000008542b00000,0x0000008542c00000] [id=14516]
  0x000001bad7fbe170 ConcurrentGCThread "G1 Service" [stack: 0x0000008542c00000,0x0000008542d00000] [id=7180]

Threads with active compile tasks:

VM state: not at safepoint (normal execution)

VM Mutex/Monitor currently owned by a thread: None

Heap address: 0x000000070a400000, size: 3932 MB, Compressed Oops mode: Zero based, Oop shift amount: 3

CDS archive(s) mapped at: [0x0000000800000000-0x0000000800bc0000-0x0000000800bc0000), size 12320768, SharedBaseAddress: 0x0000000800000000, ArchiveRelocationMode: 0.
Compressed class space mapped at: 0x0000000800c00000-0x0000000840c00000, reserved size: 1073741824
Narrow klass base: 0x0000000800000000, Narrow klass shift: 0, Narrow klass range: 0x100000000

GC Precious Log:
 CPUs: 12 total, 12 available
 Memory: 15724M
 Large Page Support: Disabled
 NUMA Support: Disabled
 Compressed Oops: Enabled (Zero based)
 Heap Region Size: 2M
 Heap Min Capacity: 8M
 Heap Initial Capacity: 246M
 Heap Max Capacity: 3932M
 Pre-touch: Disabled
 Parallel Workers: 10
 Concurrent Workers: 3
 Concurrent Refinement Workers: 10
 Periodic GC: Disabled

Heap:
 garbage-first heap   total 251904K, used 14336K [0x000000070a400000, 0x0000000800000000)
  region size 2048K, 7 young (14336K), 0 survivors (0K)
 Metaspace       used 7188K, committed 7424K, reserved 1056768K
  class space    used 805K, committed 896K, reserved 1048576K

Heap Regions: E=young(eden), S=young(survivor), O=old, HS=humongous(starts), HC=humongous(continues), CS=collection set, F=free, OA=open archive, CA=closed archive, TAMS=top-at-mark-start (previous, next)
|   0|0x000000070a400000, 0x000000070a600000, 0x000000070a600000|100%|HS|  |TAMS 0x000000070a400000, 0x000000070a400000| Complete 
|   1|0x000000070a600000, 0x000000070a600000, 0x000000070a800000|  0%| F|  |TAMS 0x000000070a600000, 0x000000070a600000| Untracked 
|   2|0x000000070a800000, 0x000000070a800000, 0x000000070aa00000|  0%| F|  |TAMS 0x000000070a800000, 0x000000070a800000| Untracked 
|   3|0x000000070aa00000, 0x000000070aa00000, 0x000000070ac00000|  0%| F|  |TAMS 0x000000070aa00000, 0x000000070aa00000| Untracked 
|   4|0x000000070ac00000, 0x000000070ac00000, 0x000000070ae00000|  0%| F|  |TAMS 0x000000070ac00000, 0x000000070ac00000| Untracked 
|   5|0x000000070ae00000, 0x000000070ae00000, 0x000000070b000000|  0%| F|  |TAMS 0x000000070ae00000, 0x000000070ae00000| Untracked 
|   6|0x000000070b000000, 0x000000070b000000, 0x000000070b200000|  0%| F|  |TAMS 0x000000070b000000, 0x000000070b000000| Untracked 
|   7|0x000000070b200000, 0x000000070b200000, 0x000000070b400000|  0%| F|  |TAMS 0x000000070b200000, 0x000000070b200000| Untracked 
|   8|0x000000070b400000, 0x000000070b400000, 0x000000070b600000|  0%| F|  |TAMS 0x000000070b400000, 0x000000070b400000| Untracked 
|   9|0x000000070b600000, 0x000000070b600000, 0x000000070b800000|  0%| F|  |TAMS 0x000000070b600000, 0x000000070b600000| Untracked 
|  10|0x000000070b800000, 0x000000070b800000, 0x000000070ba00000|  0%| F|  |TAMS 0x000000070b800000, 0x000000070b800000| Untracked 
|  11|0x000000070ba00000, 0x000000070ba00000, 0x000000070bc00000|  0%| F|  |TAMS 0x000000070ba00000, 0x000000070ba00000| Untracked 
|  12|0x000000070bc00000, 0x000000070bc00000, 0x000000070be00000|  0%| F|  |TAMS 0x000000070bc00000, 0x000000070bc00000| Untracked 
|  13|0x000000070be00000, 0x000000070be00000, 0x000000070c000000|  0%| F|  |TAMS 0x000000070be00000, 0x000000070be00000| Untracked 
|  14|0x000000070c000000, 0x000000070c000000, 0x000000070c200000|  0%| F|  |TAMS 0x000000070c000000, 0x000000070c000000| Untracked 
|  15|0x000000070c200000, 0x000000070c200000, 0x000000070c400000|  0%| F|  |TAMS 0x000000070c200000, 0x000000070c200000| Untracked 
|  16|0x000000070c400000, 0x000000070c400000, 0x000000070c600000|  0%| F|  |TAMS 0x000000070c400000, 0x000000070c400000| Untracked 
|  17|0x000000070c600000, 0x000000070c600000, 0x000000070c800000|  0%| F|  |TAMS 0x000000070c600000, 0x000000070c600000| Untracked 
|  18|0x000000070c800000, 0x000000070c800000, 0x000000070ca00000|  0%| F|  |TAMS 0x000000070c800000, 0x000000070c800000| Untracked 
|  19|0x000000070ca00000, 0x000000070ca00000, 0x000000070cc00000|  0%| F|  |TAMS 0x000000070ca00000, 0x000000070ca00000| Untracked 
|  20|0x000000070cc00000, 0x000000070cc00000, 0x000000070ce00000|  0%| F|  |TAMS 0x000000070cc00000, 0x000000070cc00000| Untracked 
|  21|0x000000070ce00000, 0x000000070ce00000, 0x000000070d000000|  0%| F|  |TAMS 0x000000070ce00000, 0x000000070ce00000| Untracked 
|  22|0x000000070d000000, 0x000000070d000000, 0x000000070d200000|  0%| F|  |TAMS 0x000000070d000000, 0x000000070d000000| Untracked 
|  23|0x000000070d200000, 0x000000070d200000, 0x000000070d400000|  0%| F|  |TAMS 0x000000070d200000, 0x000000070d200000| Untracked 
|  24|0x000000070d400000, 0x000000070d400000, 0x000000070d600000|  0%| F|  |TAMS 0x000000070d400000, 0x000000070d400000| Untracked 
|  25|0x000000070d600000, 0x000000070d600000, 0x000000070d800000|  0%| F|  |TAMS 0x000000070d600000, 0x000000070d600000| Untracked 
|  26|0x000000070d800000, 0x000000070d800000, 0x000000070da00000|  0%| F|  |TAMS 0x000000070d800000, 0x000000070d800000| Untracked 
|  27|0x000000070da00000, 0x000000070da00000, 0x000000070dc00000|  0%| F|  |TAMS 0x000000070da00000, 0x000000070da00000| Untracked 
|  28|0x000000070dc00000, 0x000000070dc00000, 0x000000070de00000|  0%| F|  |TAMS 0x000000070dc00000, 0x000000070dc00000| Untracked 
|  29|0x000000070de00000, 0x000000070de00000, 0x000000070e000000|  0%| F|  |TAMS 0x000000070de00000, 0x000000070de00000| Untracked 
|  30|0x000000070e000000, 0x000000070e000000, 0x000000070e200000|  0%| F|  |TAMS 0x000000070e000000, 0x000000070e000000| Untracked 
|  31|0x000000070e200000, 0x000000070e200000, 0x000000070e400000|  0%| F|  |TAMS 0x000000070e200000, 0x000000070e200000| Untracked 
|  32|0x000000070e400000, 0x000000070e400000, 0x000000070e600000|  0%| F|  |TAMS 0x000000070e400000, 0x000000070e400000| Untracked 
|  33|0x000000070e600000, 0x000000070e600000, 0x000000070e800000|  0%| F|  |TAMS 0x000000070e600000, 0x000000070e600000| Untracked 
|  34|0x000000070e800000, 0x000000070e800000, 0x000000070ea00000|  0%| F|  |TAMS 0x000000070e800000, 0x000000070e800000| Untracked 
|  35|0x000000070ea00000, 0x000000070ea00000, 0x000000070ec00000|  0%| F|  |TAMS 0x000000070ea00000, 0x000000070ea00000| Untracked 
|  36|0x000000070ec00000, 0x000000070ec00000, 0x000000070ee00000|  0%| F|  |TAMS 0x000000070ec00000, 0x000000070ec00000| Untracked 
|  37|0x000000070ee00000, 0x000000070ee00000, 0x000000070f000000|  0%| F|  |TAMS 0x000000070ee00000, 0x000000070ee00000| Untracked 
|  38|0x000000070f000000, 0x000000070f000000, 0x000000070f200000|  0%| F|  |TAMS 0x000000070f000000, 0x000000070f000000| Untracked 
|  39|0x000000070f200000, 0x000000070f200000, 0x000000070f400000|  0%| F|  |TAMS 0x000000070f200000, 0x000000070f200000| Untracked 
|  40|0x000000070f400000, 0x000000070f400000, 0x000000070f600000|  0%| F|  |TAMS 0x000000070f400000, 0x000000070f400000| Untracked 
|  41|0x000000070f600000, 0x000000070f600000, 0x000000070f800000|  0%| F|  |TAMS 0x000000070f600000, 0x000000070f600000| Untracked 
|  42|0x000000070f800000, 0x000000070f800000, 0x000000070fa00000|  0%| F|  |TAMS 0x000000070f800000, 0x000000070f800000| Untracked 
|  43|0x000000070fa00000, 0x000000070fa00000, 0x000000070fc00000|  0%| F|  |TAMS 0x000000070fa00000, 0x000000070fa00000| Untracked 
|  44|0x000000070fc00000, 0x000000070fc00000, 0x000000070fe00000|  0%| F|  |TAMS 0x000000070fc00000, 0x000000070fc00000| Untracked 
|  45|0x000000070fe00000, 0x000000070fe00000, 0x0000000710000000|  0%| F|  |TAMS 0x000000070fe00000, 0x000000070fe00000| Untracked 
|  46|0x0000000710000000, 0x0000000710000000, 0x0000000710200000|  0%| F|  |TAMS 0x0000000710000000, 0x0000000710000000| Untracked 
|  47|0x0000000710200000, 0x0000000710200000, 0x0000000710400000|  0%| F|  |TAMS 0x0000000710200000, 0x0000000710200000| Untracked 
|  48|0x0000000710400000, 0x0000000710400000, 0x0000000710600000|  0%| F|  |TAMS 0x0000000710400000, 0x0000000710400000| Untracked 
|  49|0x0000000710600000, 0x0000000710600000, 0x0000000710800000|  0%| F|  |TAMS 0x0000000710600000, 0x0000000710600000| Untracked 
|  50|0x0000000710800000, 0x0000000710800000, 0x0000000710a00000|  0%| F|  |TAMS 0x0000000710800000, 0x0000000710800000| Untracked 
|  51|0x0000000710a00000, 0x0000000710a00000, 0x0000000710c00000|  0%| F|  |TAMS 0x0000000710a00000, 0x0000000710a00000| Untracked 
|  52|0x0000000710c00000, 0x0000000710c00000, 0x0000000710e00000|  0%| F|  |TAMS 0x0000000710c00000, 0x0000000710c00000| Untracked 
|  53|0x0000000710e00000, 0x0000000710e00000, 0x0000000711000000|  0%| F|  |TAMS 0x0000000710e00000, 0x0000000710e00000| Untracked 
|  54|0x0000000711000000, 0x0000000711000000, 0x0000000711200000|  0%| F|  |TAMS 0x0000000711000000, 0x0000000711000000| Untracked 
|  55|0x0000000711200000, 0x0000000711200000, 0x0000000711400000|  0%| F|  |TAMS 0x0000000711200000, 0x0000000711200000| Untracked 
|  56|0x0000000711400000, 0x0000000711400000, 0x0000000711600000|  0%| F|  |TAMS 0x0000000711400000, 0x0000000711400000| Untracked 
|  57|0x0000000711600000, 0x0000000711600000, 0x0000000711800000|  0%| F|  |TAMS 0x0000000711600000, 0x0000000711600000| Untracked 
|  58|0x0000000711800000, 0x0000000711800000, 0x0000000711a00000|  0%| F|  |TAMS 0x0000000711800000, 0x0000000711800000| Untracked 
|  59|0x0000000711a00000, 0x0000000711a00000, 0x0000000711c00000|  0%| F|  |TAMS 0x0000000711a00000, 0x0000000711a00000| Untracked 
|  60|0x0000000711c00000, 0x0000000711c00000, 0x0000000711e00000|  0%| F|  |TAMS 0x0000000711c00000, 0x0000000711c00000| Untracked 
|  61|0x0000000711e00000, 0x0000000711e00000, 0x0000000712000000|  0%| F|  |TAMS 0x0000000711e00000, 0x0000000711e00000| Untracked 
|  62|0x0000000712000000, 0x0000000712000000, 0x0000000712200000|  0%| F|  |TAMS 0x0000000712000000, 0x0000000712000000| Untracked 
|  63|0x0000000712200000, 0x0000000712200000, 0x0000000712400000|  0%| F|  |TAMS 0x0000000712200000, 0x0000000712200000| Untracked 
|  64|0x0000000712400000, 0x0000000712400000, 0x0000000712600000|  0%| F|  |TAMS 0x0000000712400000, 0x0000000712400000| Untracked 
|  65|0x0000000712600000, 0x0000000712600000, 0x0000000712800000|  0%| F|  |TAMS 0x0000000712600000, 0x0000000712600000| Untracked 
|  66|0x0000000712800000, 0x0000000712800000, 0x0000000712a00000|  0%| F|  |TAMS 0x0000000712800000, 0x0000000712800000| Untracked 
|  67|0x0000000712a00000, 0x0000000712a00000, 0x0000000712c00000|  0%| F|  |TAMS 0x0000000712a00000, 0x0000000712a00000| Untracked 
|  68|0x0000000712c00000, 0x0000000712c00000, 0x0000000712e00000|  0%| F|  |TAMS 0x0000000712c00000, 0x0000000712c00000| Untracked 
|  69|0x0000000712e00000, 0x0000000712e00000, 0x0000000713000000|  0%| F|  |TAMS 0x0000000712e00000, 0x0000000712e00000| Untracked 
|  70|0x0000000713000000, 0x0000000713000000, 0x0000000713200000|  0%| F|  |TAMS 0x0000000713000000, 0x0000000713000000| Untracked 
|  71|0x0000000713200000, 0x0000000713200000, 0x0000000713400000|  0%| F|  |TAMS 0x0000000713200000, 0x0000000713200000| Untracked 
|  72|0x0000000713400000, 0x0000000713400000, 0x0000000713600000|  0%| F|  |TAMS 0x0000000713400000, 0x0000000713400000| Untracked 
|  73|0x0000000713600000, 0x0000000713600000, 0x0000000713800000|  0%| F|  |TAMS 0x0000000713600000, 0x0000000713600000| Untracked 
|  74|0x0000000713800000, 0x0000000713800000, 0x0000000713a00000|  0%| F|  |TAMS 0x0000000713800000, 0x0000000713800000| Untracked 
|  75|0x0000000713a00000, 0x0000000713a00000, 0x0000000713c00000|  0%| F|  |TAMS 0x0000000713a00000, 0x0000000713a00000| Untracked 
|  76|0x0000000713c00000, 0x0000000713c00000, 0x0000000713e00000|  0%| F|  |TAMS 0x0000000713c00000, 0x0000000713c00000| Untracked 
|  77|0x0000000713e00000, 0x0000000713e00000, 0x0000000714000000|  0%| F|  |TAMS 0x0000000713e00000, 0x0000000713e00000| Untracked 
|  78|0x0000000714000000, 0x0000000714000000, 0x0000000714200000|  0%| F|  |TAMS 0x0000000714000000, 0x0000000714000000| Untracked 
|  79|0x0000000714200000, 0x0000000714200000, 0x0000000714400000|  0%| F|  |TAMS 0x0000000714200000, 0x0000000714200000| Untracked 
|  80|0x0000000714400000, 0x0000000714400000, 0x0000000714600000|  0%| F|  |TAMS 0x0000000714400000, 0x0000000714400000| Untracked 
|  81|0x0000000714600000, 0x0000000714600000, 0x0000000714800000|  0%| F|  |TAMS 0x0000000714600000, 0x0000000714600000| Untracked 
|  82|0x0000000714800000, 0x0000000714800000, 0x0000000714a00000|  0%| F|  |TAMS 0x0000000714800000, 0x0000000714800000| Untracked 
|  83|0x0000000714a00000, 0x0000000714a00000, 0x0000000714c00000|  0%| F|  |TAMS 0x0000000714a00000, 0x0000000714a00000| Untracked 
|  84|0x0000000714c00000, 0x0000000714c00000, 0x0000000714e00000|  0%| F|  |TAMS 0x0000000714c00000, 0x0000000714c00000| Untracked 
|  85|0x0000000714e00000, 0x0000000714e00000, 0x0000000715000000|  0%| F|  |TAMS 0x0000000714e00000, 0x0000000714e00000| Untracked 
|  86|0x0000000715000000, 0x0000000715000000, 0x0000000715200000|  0%| F|  |TAMS 0x0000000715000000, 0x0000000715000000| Untracked 
|  87|0x0000000715200000, 0x0000000715200000, 0x0000000715400000|  0%| F|  |TAMS 0x0000000715200000, 0x0000000715200000| Untracked 
|  88|0x0000000715400000, 0x0000000715400000, 0x0000000715600000|  0%| F|  |TAMS 0x0000000715400000, 0x0000000715400000| Untracked 
|  89|0x0000000715600000, 0x0000000715600000, 0x0000000715800000|  0%| F|  |TAMS 0x0000000715600000, 0x0000000715600000| Untracked 
|  90|0x0000000715800000, 0x0000000715800000, 0x0000000715a00000|  0%| F|  |TAMS 0x0000000715800000, 0x0000000715800000| Untracked 
|  91|0x0000000715a00000, 0x0000000715a00000, 0x0000000715c00000|  0%| F|  |TAMS 0x0000000715a00000, 0x0000000715a00000| Untracked 
|  92|0x0000000715c00000, 0x0000000715c00000, 0x0000000715e00000|  0%| F|  |TAMS 0x0000000715c00000, 0x0000000715c00000| Untracked 
|  93|0x0000000715e00000, 0x0000000715e00000, 0x0000000716000000|  0%| F|  |TAMS 0x0000000715e00000, 0x0000000715e00000| Untracked 
|  94|0x0000000716000000, 0x0000000716000000, 0x0000000716200000|  0%| F|  |TAMS 0x0000000716000000, 0x0000000716000000| Untracked 
|  95|0x0000000716200000, 0x0000000716200000, 0x0000000716400000|  0%| F|  |TAMS 0x0000000716200000, 0x0000000716200000| Untracked 
|  96|0x0000000716400000, 0x0000000716400000, 0x0000000716600000|  0%| F|  |TAMS 0x0000000716400000, 0x0000000716400000| Untracked 
|  97|0x0000000716600000, 0x0000000716600000, 0x0000000716800000|  0%| F|  |TAMS 0x0000000716600000, 0x0000000716600000| Untracked 
|  98|0x0000000716800000, 0x0000000716800000, 0x0000000716a00000|  0%| F|  |TAMS 0x0000000716800000, 0x0000000716800000| Untracked 
|  99|0x0000000716a00000, 0x0000000716a00000, 0x0000000716c00000|  0%| F|  |TAMS 0x0000000716a00000, 0x0000000716a00000| Untracked 
| 100|0x0000000716c00000, 0x0000000716c00000, 0x0000000716e00000|  0%| F|  |TAMS 0x0000000716c00000, 0x0000000716c00000| Untracked 
| 101|0x0000000716e00000, 0x0000000716e00000, 0x0000000717000000|  0%| F|  |TAMS 0x0000000716e00000, 0x0000000716e00000| Untracked 
| 102|0x0000000717000000, 0x0000000717000000, 0x0000000717200000|  0%| F|  |TAMS 0x0000000717000000, 0x0000000717000000| Untracked 
| 103|0x0000000717200000, 0x0000000717200000, 0x0000000717400000|  0%| F|  |TAMS 0x0000000717200000, 0x0000000717200000| Untracked 
| 104|0x0000000717400000, 0x0000000717400000, 0x0000000717600000|  0%| F|  |TAMS 0x0000000717400000, 0x0000000717400000| Untracked 
| 105|0x0000000717600000, 0x0000000717600000, 0x0000000717800000|  0%| F|  |TAMS 0x0000000717600000, 0x0000000717600000| Untracked 
| 106|0x0000000717800000, 0x0000000717800000, 0x0000000717a00000|  0%| F|  |TAMS 0x0000000717800000, 0x0000000717800000| Untracked 
| 107|0x0000000717a00000, 0x0000000717a00000, 0x0000000717c00000|  0%| F|  |TAMS 0x0000000717a00000, 0x0000000717a00000| Untracked 
| 108|0x0000000717c00000, 0x0000000717c00000, 0x0000000717e00000|  0%| F|  |TAMS 0x0000000717c00000, 0x0000000717c00000| Untracked 
| 109|0x0000000717e00000, 0x0000000717e00000, 0x0000000718000000|  0%| F|  |TAMS 0x0000000717e00000, 0x0000000717e00000| Untracked 
| 110|0x0000000718000000, 0x0000000718000000, 0x0000000718200000|  0%| F|  |TAMS 0x0000000718000000, 0x0000000718000000| Untracked 
| 111|0x0000000718200000, 0x0000000718200000, 0x0000000718400000|  0%| F|  |TAMS 0x0000000718200000, 0x0000000718200000| Untracked 
| 112|0x0000000718400000, 0x0000000718400000, 0x0000000718600000|  0%| F|  |TAMS 0x0000000718400000, 0x0000000718400000| Untracked 
| 113|0x0000000718600000, 0x0000000718600000, 0x0000000718800000|  0%| F|  |TAMS 0x0000000718600000, 0x0000000718600000| Untracked 
| 114|0x0000000718800000, 0x0000000718800000, 0x0000000718a00000|  0%| F|  |TAMS 0x0000000718800000, 0x0000000718800000| Untracked 
| 115|0x0000000718a00000, 0x0000000718a00000, 0x0000000718c00000|  0%| F|  |TAMS 0x0000000718a00000, 0x0000000718a00000| Untracked 
| 116|0x0000000718c00000, 0x0000000718dc4728, 0x0000000718e00000| 88%| E|  |TAMS 0x0000000718c00000, 0x0000000718c00000| Complete 
| 117|0x0000000718e00000, 0x0000000719000000, 0x0000000719000000|100%| E|CS|TAMS 0x0000000718e00000, 0x0000000718e00000| Complete 
| 118|0x0000000719000000, 0x0000000719200000, 0x0000000719200000|100%| E|CS|TAMS 0x0000000719000000, 0x0000000719000000| Complete 
| 119|0x0000000719200000, 0x0000000719400000, 0x0000000719400000|100%| E|CS|TAMS 0x0000000719200000, 0x0000000719200000| Complete 
| 120|0x0000000719400000, 0x0000000719600000, 0x0000000719600000|100%| E|CS|TAMS 0x0000000719400000, 0x0000000719400000| Complete 
| 121|0x0000000719600000, 0x0000000719800000, 0x0000000719800000|100%| E|CS|TAMS 0x0000000719600000, 0x0000000719600000| Complete 
| 122|0x0000000719800000, 0x0000000719a00000, 0x0000000719a00000|100%| E|CS|TAMS 0x0000000719800000, 0x0000000719800000| Complete 

Card table byte_map: [0x000001baef700000,0x000001baefeb0000] _byte_map_base: 0x000001baebeae000

Marking Bits (Prev, Next): (CMBitMap*) 0x000001bad7f57eb0, (CMBitMap*) 0x000001bad7f57ef0
 Prev Bits: [0x000001baf0660000, 0x000001baf43d0000)
 Next Bits: [0x000001baf43d0000, 0x000001baf8140000)

Polling page: 0x000001bad5e30000

Metaspace:

Usage:
  Non-class:      6.23 MB used.
      Class:    805.14 KB used.
       Both:      7.02 MB used.

Virtual space:
  Non-class space:        8.00 MB reserved,       6.38 MB ( 80%) committed,  1 nodes.
      Class space:        1.00 GB reserved,     896.00 KB ( <1%) committed,  1 nodes.
             Both:        1.01 GB reserved,       7.25 MB ( <1%) committed. 

Chunk freelists:
   Non-Class:  1008.00 KB
       Class:  3.12 MB
        Both:  4.10 MB

MaxMetaspaceSize: unlimited
CompressedClassSpaceSize: 1.00 GB
Initial GC threshold: 21.00 MB
Current GC threshold: 21.00 MB
CDS: on
MetaspaceReclaimPolicy: balanced
 - commit_granule_bytes: 65536.
 - commit_granule_words: 8192.
 - virtual_space_node_default_size: 1048576.
 - enlarge_chunks_in_place: 1.
 - new_chunks_are_fully_committed: 0.
 - uncommit_free_chunks: 1.
 - use_allocation_guard: 0.
 - handle_deallocations: 1.


Internal statistics:

num_allocs_failed_limit: 0.
num_arena_births: 106.
num_arena_deaths: 0.
num_vsnodes_births: 2.
num_vsnodes_deaths: 0.
num_space_committed: 116.
num_space_uncommitted: 0.
num_chunks_returned_to_freelist: 0.
num_chunks_taken_from_freelist: 139.
num_chunk_merges: 0.
num_chunk_splits: 86.
num_chunks_enlarged: 44.
num_purges: 0.
num_inconsistent_stats: 0.

CodeHeap 'non-profiled nmethods': size=120000Kb used=233Kb max_used=233Kb free=119766Kb
 bounds [0x000001bae74b0000, 0x000001bae7720000, 0x000001baee9e0000]
CodeHeap 'profiled nmethods': size=120000Kb used=1156Kb max_used=1156Kb free=118843Kb
 bounds [0x000001badff80000, 0x000001bae01f0000, 0x000001bae74b0000]
CodeHeap 'non-nmethods': size=5760Kb used=1327Kb max_used=1328Kb free=4432Kb
 bounds [0x000001badf9e0000, 0x000001badfc50000, 0x000001badff80000]
 total_blobs=1391 nmethods=811 adapters=493
 compilation: enabled
              stopped_count=0, restarted_count=0
 full_count=0

Compilation events (20 events):
Event: 14.251 Thread 0x000001bafb800dc0  802       3       java.awt.geom.Rectangle2D$Float::getHeight (6 bytes)
Event: 14.251 Thread 0x000001bafb800dc0 nmethod 802 0x000001bae009fd10 code [0x000001bae009fea0, 0x000001bae009ffb8]
Event: 14.252 Thread 0x000001bafb800dc0  803       1       javax.swing.AbstractButton::getText (5 bytes)
Event: 14.252 Thread 0x000001bafb800dc0 nmethod 803 0x000001bae74e9290 code [0x000001bae74e9420, 0x000001bae74e94f8]
Event: 14.252 Thread 0x000001bafb800dc0  804  s    3       java.awt.geom.Path2D$Float::lineTo (58 bytes)
Event: 14.252 Thread 0x000001bafb800dc0 nmethod 804 0x000001bae00a0090 code [0x000001bae00a0240, 0x000001bae00a0588]
Event: 14.252 Thread 0x000001bafb800dc0  805  s    3       java.awt.geom.Path2D$Float::curveTo (130 bytes)
Event: 14.252 Thread 0x000001bafb800dc0 nmethod 805 0x000001bae00a0710 code [0x000001bae00a08c0, 0x000001bae00a0cc8]
Event: 14.252 Thread 0x000001bafb800dc0  806       1       java.awt.geom.AffineTransform::getTranslateX (5 bytes)
Event: 14.252 Thread 0x000001bafb800dc0 nmethod 806 0x000001bae74e9590 code [0x000001bae74e9720, 0x000001bae74e97f8]
Event: 14.252 Thread 0x000001bafb800dc0  807       1       java.awt.geom.AffineTransform::getTranslateY (5 bytes)
Event: 14.252 Thread 0x000001bafb800dc0 nmethod 807 0x000001bae74e9890 code [0x000001bae74e9a20, 0x000001bae74e9af8]
Event: 14.252 Thread 0x000001bafb800dc0  809       1       sun.awt.Win32GraphicsDevice::getDefaultScaleX (5 bytes)
Event: 14.252 Thread 0x000001bafb800dc0 nmethod 809 0x000001bae74e9b90 code [0x000001bae74e9d20, 0x000001bae74e9df8]
Event: 14.252 Thread 0x000001bafb800dc0  810       1       sun.awt.Win32GraphicsDevice::getDefaultScaleY (5 bytes)
Event: 14.252 Thread 0x000001bafb800dc0 nmethod 810 0x000001bae74e9e90 code [0x000001bae74ea020, 0x000001bae74ea0f8]
Event: 14.252 Thread 0x000001bafb800dc0  808       1       sun.java2d.d3d.D3DGraphicsDevice::getContext (5 bytes)
Event: 14.252 Thread 0x000001bafb800dc0 nmethod 808 0x000001bae74ea190 code [0x000001bae74ea320, 0x000001bae74ea3f8]
Event: 14.252 Thread 0x000001bafb800dc0  811       3       sun.java2d.pipe.PixelToParallelogramConverter::normalize (15 bytes)
Event: 14.253 Thread 0x000001bafb800dc0 nmethod 811 0x000001bae00a0f10 code [0x000001bae00a10c0, 0x000001bae00a1288]

GC Heap History (0 events):
No events

Dll operation events (11 events):
Event: 0.006 Loaded shared library C:\Users\anton\.gradle\jdks\jdk-17.0.5+8\bin\java.dll
Event: 0.007 Loaded shared library C:\Users\anton\.gradle\jdks\jdk-17.0.5+8\bin\zip.dll
Event: 0.014 Loaded shared library C:\Users\anton\.gradle\jdks\jdk-17.0.5+8\bin\jsvml.dll
Event: 0.067 Loaded shared library C:\Users\anton\.gradle\jdks\jdk-17.0.5+8\bin\instrument.dll
Event: 0.086 Loaded shared library C:\Users\anton\.gradle\jdks\jdk-17.0.5+8\bin\jimage.dll
Event: 0.093 Loaded shared library C:\Users\anton\.gradle\jdks\jdk-17.0.5+8\bin\net.dll
Event: 0.094 Loaded shared library C:\Users\anton\.gradle\jdks\jdk-17.0.5+8\bin\nio.dll
Event: 0.097 Loaded shared library C:\Users\anton\.gradle\jdks\jdk-17.0.5+8\bin\zip.dll
Event: 0.112 Loaded shared library C:\Users\anton\.gradle\jdks\jdk-17.0.5+8\bin\awt.dll
Event: 0.275 Loaded shared library C:\Users\anton\.gradle\jdks\jdk-17.0.5+8\bin\freetype.dll
Event: 0.276 Loaded shared library C:\Users\anton\.gradle\jdks\jdk-17.0.5+8\bin\fontmanager.dll

Deoptimization events (20 events):
Event: 0.240 Thread 0x000001bad7eea3b0 DEOPT PACKING pc=0x000001bae74bcf18 sp=0x00000085427fede0
Event: 0.240 Thread 0x000001bad7eea3b0 DEOPT UNPACKING pc=0x000001badfa323a3 sp=0x00000085427fed70 mode 2
Event: 0.240 Thread 0x000001bad7eea3b0 Uncommon trap: trap_request=0xffffffde fr.pc=0x000001bae74bcf18 relative=0x00000000000009b8
Event: 0.240 Thread 0x000001bad7eea3b0 Uncommon trap: reason=class_check action=maybe_recompile pc=0x000001bae74bcf18 method=java.util.HashMap.putVal(ILjava/lang/Object;Ljava/lang/Object;ZZ)Ljava/lang/Object; @ 152 c2
Event: 0.240 Thread 0x000001bad7eea3b0 DEOPT PACKING pc=0x000001bae74bcf18 sp=0x00000085427fede0
Event: 0.240 Thread 0x000001bad7eea3b0 DEOPT UNPACKING pc=0x000001badfa323a3 sp=0x00000085427fed70 mode 2
Event: 0.247 Thread 0x000001bad7eea3b0 Uncommon trap: trap_request=0xffffff45 fr.pc=0x000001bae74d6c50 relative=0x0000000000000590
Event: 0.247 Thread 0x000001bad7eea3b0 Uncommon trap: reason=unstable_if action=reinterpret pc=0x000001bae74d6c50 method=java.util.HashMap.hash(Ljava/lang/Object;)I @ 1 c2
Event: 0.247 Thread 0x000001bad7eea3b0 DEOPT PACKING pc=0x000001bae74d6c50 sp=0x00000085427ff070
Event: 0.247 Thread 0x000001bad7eea3b0 DEOPT UNPACKING pc=0x000001badfa323a3 sp=0x00000085427fef98 mode 2
Event: 0.309 Thread 0x000001bad7eea3b0 DEOPT PACKING pc=0x000001badffb256a sp=0x00000085427fb250
Event: 0.309 Thread 0x000001bad7eea3b0 DEOPT UNPACKING pc=0x000001badfa32b43 sp=0x00000085427fa670 mode 0
Event: 0.336 Thread 0x000001bafc0e77e0 Uncommon trap: trap_request=0xffffff45 fr.pc=0x000001bae74d7f9c relative=0x0000000000000abc
Event: 0.336 Thread 0x000001bafc0e77e0 Uncommon trap: reason=unstable_if action=reinterpret pc=0x000001bae74d7f9c method=java.util.HashMap.putVal(ILjava/lang/Object;Ljava/lang/Object;ZZ)Ljava/lang/Object; @ 181 c2
Event: 0.336 Thread 0x000001bafc0e77e0 DEOPT PACKING pc=0x000001bae74d7f9c sp=0x0000008544bfd0d0
Event: 0.336 Thread 0x000001bafc0e77e0 DEOPT UNPACKING pc=0x000001badfa323a3 sp=0x0000008544bfd080 mode 2
Event: 14.228 Thread 0x000001bafc0e77e0 DEOPT PACKING pc=0x000001bae00691cc sp=0x0000008544bff040
Event: 14.228 Thread 0x000001bafc0e77e0 DEOPT UNPACKING pc=0x000001badfa32b43 sp=0x0000008544bfe4f0 mode 0
Event: 14.228 Thread 0x000001bafc0e77e0 DEOPT PACKING pc=0x000001bae00691cc sp=0x0000008544bff2d0
Event: 14.228 Thread 0x000001bafc0e77e0 DEOPT UNPACKING pc=0x000001badfa32b43 sp=0x0000008544bfe780 mode 0

Classes unloaded (0 events):
No events

Classes redefined (0 events):
No events

Internal exceptions (13 events):
Event: 0.104 Thread 0x000001bad7eea3b0 Exception <a 'java/lang/ClassNotFoundException'{0x00000007197d57d8}: sun/awt/resources/spi/awtProvider> (0x00000007197d57d8) 
thrown [s\src\hotspot\share\classfile\systemDictionary.cpp, line 256]
Event: 0.122 Thread 0x000001bad7eea3b0 Exception <a 'java/io/FileNotFoundException'{0x00000007194532b8}> (0x00000007194532b8) 
thrown [s\src\hotspot\share\prims\jni.cpp, line 516]
Event: 0.128 Thread 0x000001bad7eea3b0 Exception <a 'java/io/FileNotFoundException'{0x00000007194830b8}> (0x00000007194830b8) 
thrown [s\src\hotspot\share\prims\jni.cpp, line 516]
Event: 0.160 Thread 0x000001bad7eea3b0 Exception <a 'java/lang/NoSuchMethodError'{0x00000007195c7448}: 'java.lang.Object java.lang.invoke.DirectMethodHandle$Holder.invokeStaticInit(java.lang.Object)'> (0x00000007195c7448) 
thrown [s\src\hotspot\share\interpreter\linkResolver.cpp, line 759]
Event: 0.209 Thread 0x000001bad7eea3b0 Exception <a 'java/lang/NoSuchMethodError'{0x00000007192f44e0}: 'void java.lang.invoke.DirectMethodHandle$Holder.invokeSpecial(java.lang.Object, java.lang.Object, java.lang.Object)'> (0x00000007192f44e0) 
thrown [s\src\hotspot\share\interpreter\linkResolver.cpp, line 759]
Event: 0.216 Thread 0x000001bad7eea3b0 Exception <a 'java/lang/NoSuchMethodError'{0x0000000719344f78}: 'java.lang.Object java.lang.invoke.DirectMethodHandle$Holder.newInvokeSpecial(java.lang.Object, java.lang.Object, java.lang.Object, java.lang.Object, java.lang.Object)'> (0x0000000719344f78) 
thrown [s\src\hotspot\share\interpreter\linkResolver.cpp, line 759]
Event: 0.217 Thread 0x000001bad7eea3b0 Exception <a 'java/lang/NoSuchMethodError'{0x00000007193509c8}: 'java.lang.Object java.lang.invoke.DirectMethodHandle$Holder.invokeStatic(java.lang.Object, int, java.lang.Object, java.lang.Object, java.lang.Object, java.lang.Object)'> (0x00000007193509c8) 
thrown [s\src\hotspot\share\interpreter\linkResolver.cpp, line 759]
Event: 0.221 Thread 0x000001bad7eea3b0 Exception <a 'java/lang/NoSuchMethodError'{0x0000000719376a40}: 'java.lang.Object java.lang.invoke.DirectMethodHandle$Holder.invokeStatic(java.lang.Object, int, java.lang.Object)'> (0x0000000719376a40) 
thrown [s\src\hotspot\share\interpreter\linkResolver.cpp, line 759]
Event: 0.239 Thread 0x000001bad7eea3b0 Exception <a 'java/lang/ClassNotFoundException'{0x000000071903df68}: com/sun/swing/internal/plaf/metal/resources/spi/metalProvider> (0x000000071903df68) 
thrown [s\src\hotspot\share\classfile\systemDictionary.cpp, line 256]
Event: 0.240 Thread 0x000001bad7eea3b0 Exception <a 'java/lang/ClassNotFoundException'{0x0000000719044810}: com/sun/swing/internal/plaf/basic/resources/spi/basicProvider> (0x0000000719044810) 
thrown [s\src\hotspot\share\classfile\systemDictionary.cpp, line 256]
Event: 0.247 Thread 0x000001bad7eea3b0 Implicit null exception at 0x000001bae74d671a to 0x000001bae74d6c24
Event: 0.259 Thread 0x000001bafbbfd7f0 Exception <a 'java/lang/NoSuchMethodError'{0x0000000719231218}: 'void java.lang.invoke.DirectMethodHandle$Holder.invokeVirtual(java.lang.Object, java.lang.Object)'> (0x0000000719231218) 
thrown [s\src\hotspot\share\interpreter\linkResolver.cpp, line 759]
Event: 0.272 Thread 0x000001bad7eea3b0 Exception <a 'java/lang/NoSuchMethodError'{0x000000071917efb8}: 'void java.lang.invoke.DirectMethodHandle$Holder.invokeStaticInit(java.lang.Object)'> (0x000000071917efb8) 
thrown [s\src\hotspot\share\interpreter\linkResolver.cpp, line 759]

VM Operations (20 events):
Event: 14.224 Executing VM operation: ChangeBreakpoints
Event: 14.224 Executing VM operation: ChangeBreakpoints done
Event: 14.224 Executing VM operation: ChangeBreakpoints
Event: 14.224 Executing VM operation: ChangeBreakpoints done
Event: 14.224 Executing VM operation: ChangeBreakpoints
Event: 14.224 Executing VM operation: ChangeBreakpoints done
Event: 14.224 Executing VM operation: ChangeBreakpoints
Event: 14.224 Executing VM operation: ChangeBreakpoints done
Event: 14.224 Executing VM operation: ChangeBreakpoints
Event: 14.224 Executing VM operation: ChangeBreakpoints done
Event: 14.224 Executing VM operation: ChangeBreakpoints
Event: 14.224 Executing VM operation: ChangeBreakpoints done
Event: 14.224 Executing VM operation: ChangeBreakpoints
Event: 14.224 Executing VM operation: ChangeBreakpoints done
Event: 14.224 Executing VM operation: ChangeBreakpoints
Event: 14.224 Executing VM operation: ChangeBreakpoints done
Event: 14.224 Executing VM operation: ChangeBreakpoints
Event: 14.224 Executing VM operation: ChangeBreakpoints done
Event: 14.224 Executing VM operation: ChangeBreakpoints
Event: 14.224 Executing VM operation: ChangeBreakpoints done

Events (20 events):
Event: 14.248 loading class java/awt/image/WritableRenderedImage
Event: 14.248 loading class java/awt/image/RenderedImage
Event: 14.248 loading class java/awt/image/RenderedImage done
Event: 14.248 loading class java/awt/image/WritableRenderedImage done
Event: 14.248 loading class java/awt/image/BufferedImage done
Event: 14.248 loading class java/awt/image/BufferedImage$1
Event: 14.248 loading class java/awt/image/BufferedImage$1 done
Event: 14.248 loading class sun/awt/image/BufImgSurfaceData
Event: 14.249 loading class sun/awt/image/BufImgSurfaceData done
Event: 14.249 loading class sun/awt/image/BufImgSurfaceData$ICMColorData
Event: 14.249 loading class sun/awt/image/BufImgSurfaceData$ICMColorData done
Event: 14.249 loading class sun/java2d/loops/RenderLoops
Event: 14.249 loading class sun/java2d/loops/RenderLoops done
Event: 14.250 loading class sun/java2d/loops/DrawGlyphListColor
Event: 14.250 loading class sun/java2d/loops/DrawGlyphListColor done
Event: 14.250 loading class sun/java2d/loops/DrawGlyphListColor$General
Event: 14.250 loading class sun/java2d/loops/DrawGlyphListColor$General done
Event: 14.250 loading class sun/java2d/loops/Blit$GeneralMaskBlit
Event: 14.250 loading class sun/java2d/loops/Blit$GeneralMaskBlit done
Event: 14.257 Thread 0x000001bafbbfd7f0 Thread exited: 0x000001bafbbfd7f0


Dynamic libraries:
0x00007ff7d6700000 - 0x00007ff7d670e000 	C:\Users\anton\.gradle\jdks\jdk-17.0.5+8\bin\java.exe
0x00007ffd6f560000 - 0x00007ffd6f769000 	C:\WINDOWS\SYSTEM32\ntdll.dll
0x00007ffd6dcf0000 - 0x00007ffd6ddae000 	C:\WINDOWS\System32\KERNEL32.DLL
0x00007ffd6cc60000 - 0x00007ffd6cfdb000 	C:\WINDOWS\System32\KERNELBASE.dll
0x00007ffd6d090000 - 0x00007ffd6d1a1000 	C:\WINDOWS\System32\ucrtbase.dll
0x00007ffd5fcc0000 - 0x00007ffd5fcd9000 	C:\Users\anton\.gradle\jdks\jdk-17.0.5+8\bin\VCRUNTIME140.dll
0x00007ffd61ad0000 - 0x00007ffd61ae7000 	C:\Users\anton\.gradle\jdks\jdk-17.0.5+8\bin\jli.dll
0x00007ffd6ddb0000 - 0x00007ffd6df5d000 	C:\WINDOWS\System32\USER32.dll
0x00007ffd4ef30000 - 0x00007ffd4f1d5000 	C:\WINDOWS\WinSxS\amd64_microsoft.windows.common-controls_6595b64144ccf1df_6.0.22000.120_none_9d947278b86cc467\COMCTL32.dll
0x00007ffd6d060000 - 0x00007ffd6d086000 	C:\WINDOWS\System32\win32u.dll
0x00007ffd6ec10000 - 0x00007ffd6ecb3000 	C:\WINDOWS\System32\msvcrt.dll
0x00007ffd6d7a0000 - 0x00007ffd6d7c9000 	C:\WINDOWS\System32\GDI32.dll
0x00007ffd6cb40000 - 0x00007ffd6cc58000 	C:\WINDOWS\System32\gdi32full.dll
0x00007ffd6caa0000 - 0x00007ffd6cb3d000 	C:\WINDOWS\System32\msvcp_win.dll
0x00007ffd6df60000 - 0x00007ffd6df92000 	C:\WINDOWS\System32\IMM32.DLL
0x00007ffd68f50000 - 0x00007ffd68f5c000 	C:\Users\anton\.gradle\jdks\jdk-17.0.5+8\bin\vcruntime140_1.dll
0x00007ffd4e530000 - 0x00007ffd4e5c1000 	C:\Users\anton\.gradle\jdks\jdk-17.0.5+8\bin\msvcp140.dll
0x00007ffd3ea20000 - 0x00007ffd3f664000 	C:\Users\anton\.gradle\jdks\jdk-17.0.5+8\bin\server\jvm.dll
0x00007ffd6eb00000 - 0x00007ffd6ebae000 	C:\WINDOWS\System32\ADVAPI32.dll
0x00007ffd6d700000 - 0x00007ffd6d79e000 	C:\WINDOWS\System32\sechost.dll
0x00007ffd6dbd0000 - 0x00007ffd6dcf0000 	C:\WINDOWS\System32\RPCRT4.dll
0x00007ffd65880000 - 0x00007ffd658b3000 	C:\WINDOWS\SYSTEM32\WINMM.dll
0x00007ffd641d0000 - 0x00007ffd641da000 	C:\WINDOWS\SYSTEM32\VERSION.dll
0x00007ffd5a760000 - 0x00007ffd5a769000 	C:\WINDOWS\SYSTEM32\WSOCK32.dll
0x00007ffd6d3e0000 - 0x00007ffd6d44f000 	C:\WINDOWS\System32\WS2_32.dll
0x00007ffd6baf0000 - 0x00007ffd6bb08000 	C:\WINDOWS\SYSTEM32\kernel.appcore.dll
0x00007ffd689d0000 - 0x00007ffd689da000 	C:\Users\anton\.gradle\jdks\jdk-17.0.5+8\bin\jimage.dll
0x00007ffd69f90000 - 0x00007ffd6a1b1000 	C:\WINDOWS\SYSTEM32\DBGHELP.DLL
0x00007ffd5fac0000 - 0x00007ffd5faf1000 	C:\WINDOWS\SYSTEM32\dbgcore.DLL
0x00007ffd6cfe0000 - 0x00007ffd6d05f000 	C:\WINDOWS\System32\bcryptPrimitives.dll
0x00007ffd566c0000 - 0x00007ffd566fb000 	C:\Users\anton\.gradle\jdks\jdk-17.0.5+8\bin\jdwp.dll
0x00007ffd654f0000 - 0x00007ffd654fe000 	C:\Users\anton\.gradle\jdks\jdk-17.0.5+8\bin\instrument.dll
0x00007ffd589d0000 - 0x00007ffd589f5000 	C:\Users\anton\.gradle\jdks\jdk-17.0.5+8\bin\java.dll
0x00007ffd5bd50000 - 0x00007ffd5bd68000 	C:\Users\anton\.gradle\jdks\jdk-17.0.5+8\bin\zip.dll
0x00007ffd46ef0000 - 0x00007ffd46fc6000 	C:\Users\anton\.gradle\jdks\jdk-17.0.5+8\bin\jsvml.dll
0x00007ffd6e340000 - 0x00007ffd6eaf7000 	C:\WINDOWS\System32\SHELL32.dll
0x00007ffd6aae0000 - 0x00007ffd6b345000 	C:\WINDOWS\SYSTEM32\windows.storage.dll
0x00007ffd6dfc0000 - 0x00007ffd6e338000 	C:\WINDOWS\System32\combase.dll
0x00007ffd6a970000 - 0x00007ffd6aad6000 	C:\WINDOWS\SYSTEM32\wintypes.dll
0x00007ffd6dae0000 - 0x00007ffd6dbca000 	C:\WINDOWS\System32\SHCORE.dll
0x00007ffd6d690000 - 0x00007ffd6d6ed000 	C:\WINDOWS\System32\shlwapi.dll
0x00007ffd6c960000 - 0x00007ffd6c981000 	C:\WINDOWS\SYSTEM32\profapi.dll
0x00007ffd5f6c0000 - 0x00007ffd5f6cc000 	C:\Users\anton\.gradle\jdks\jdk-17.0.5+8\bin\dt_socket.dll
0x00007ffd6b590000 - 0x00007ffd6b5bd000 	C:\WINDOWS\SYSTEM32\IPHLPAPI.DLL
0x00007ffd6bfc0000 - 0x00007ffd6c027000 	C:\WINDOWS\system32\mswsock.dll
0x00007ffd58a40000 - 0x00007ffd58a59000 	C:\Users\anton\.gradle\jdks\jdk-17.0.5+8\bin\net.dll
0x00007ffd66ec0000 - 0x00007ffd66fd4000 	C:\WINDOWS\SYSTEM32\WINHTTP.dll
0x00007ffd589b0000 - 0x00007ffd589c5000 	C:\Users\anton\.gradle\jdks\jdk-17.0.5+8\bin\nio.dll
0x00007ffd42650000 - 0x00007ffd427de000 	C:\Users\anton\.gradle\jdks\jdk-17.0.5+8\bin\awt.dll
0x00007ffd6d570000 - 0x00007ffd6d646000 	C:\WINDOWS\System32\OLEAUT32.dll
0x00007ffd69650000 - 0x00007ffd696e2000 	C:\WINDOWS\SYSTEM32\apphelp.dll
0x00007ffd69a70000 - 0x00007ffd69a9f000 	C:\WINDOWS\system32\DWMAPI.DLL
0x00007ffd697d0000 - 0x00007ffd6987c000 	C:\WINDOWS\system32\uxtheme.dll
0x00007ffd5b930000 - 0x00007ffd5ba31000 	C:\WINDOWS\system32\opengl32.dll
0x00007ffd61b30000 - 0x00007ffd61b5d000 	C:\WINDOWS\SYSTEM32\GLU32.dll
0x00007ffd69910000 - 0x00007ffd69948000 	C:\WINDOWS\SYSTEM32\dxcore.dll
0x00007ffd6d450000 - 0x00007ffd6d56d000 	C:\WINDOWS\System32\MSCTF.dll
0x00007ffd6f130000 - 0x00007ffd6f2ca000 	C:\WINDOWS\System32\ole32.dll
0x00007ffd46e60000 - 0x00007ffd46ee6000 	C:\Users\anton\.gradle\jdks\jdk-17.0.5+8\bin\freetype.dll
0x00007ffd46950000 - 0x00007ffd46a15000 	C:\Users\anton\.gradle\jdks\jdk-17.0.5+8\bin\fontmanager.dll
0x00007ffd56960000 - 0x00007ffd56a8d000 	C:\WINDOWS\SYSTEM32\textinputframework.dll
0x00007ffd69360000 - 0x00007ffd69491000 	C:\WINDOWS\SYSTEM32\CoreMessaging.dll
0x00007ffd67150000 - 0x00007ffd674bd000 	C:\WINDOWS\SYSTEM32\CoreUIComponents.dll
0x00007ffd6c220000 - 0x00007ffd6c22c000 	C:\WINDOWS\SYSTEM32\CRYPTBASE.DLL

dbghelp: loaded successfully - version: 4.0.5 - missing functions: none
symbol engine: initialized successfully - sym options: 0x614 - pdb path: .;C:\Users\anton\.gradle\jdks\jdk-17.0.5+8\bin;C:\WINDOWS\SYSTEM32;C:\WINDOWS\WinSxS\amd64_microsoft.windows.common-controls_6595b64144ccf1df_6.0.22000.120_none_9d947278b86cc467;C:\Users\anton\.gradle\jdks\jdk-17.0.5+8\bin\server;C:\WINDOWS\System32\DriverStore\FileRepository\u0375946.inf_amd64_3bee377fd1131476\B374515

VM Arguments:
jvm_args: -agentlib:jdwp=transport=dt_socket,address=127.0.0.1:49304,suspend=y,server=n -javaagent:C:\Users\anton\AppData\Local\JetBrains\IntelliJIdea2022.2\captureAgent\debugger-agent.jar -Dfile.encoding=UTF-8 
java_command: tictactoe.ApplicationRunner
java_class_path (initial): C:\Users\anton\Downloads\Desktop Tic-Tac-Toe\Desktop Tic-Tac-Toe\task\out\production\classes;C:\Program Files\JetBrains\IntelliJ IDEA 2022.2.4\lib\idea_rt.jar
Launcher Type: SUN_STANDARD

[Global flags]
     intx CICompilerCount                          = 4                                         {product} {ergonomic}
     uint ConcGCThreads                            = 3                                         {product} {ergonomic}
     uint G1ConcRefinementThreads                  = 10                                        {product} {ergonomic}
   size_t G1HeapRegionSize                         = 2097152                                   {product} {ergonomic}
    uintx GCDrainStackTargetSize                   = 64                                        {product} {ergonomic}
   size_t InitialHeapSize                          = 257949696                                 {product} {ergonomic}
   size_t MarkStackSize                            = 4194304                                   {product} {ergonomic}
   size_t MaxHeapSize                              = 4123000832                                {product} {ergonomic}
   size_t MaxNewSize                               = 2472542208                                {product} {ergonomic}
   size_t MinHeapDeltaBytes                        = 2097152                                   {product} {ergonomic}
   size_t MinHeapSize                              = 8388608                                   {product} {ergonomic}
    uintx NonNMethodCodeHeapSize                   = 5839372                                {pd product} {ergonomic}
    uintx NonProfiledCodeHeapSize                  = 122909434                              {pd product} {ergonomic}
    uintx ProfiledCodeHeapSize                     = 122909434                              {pd product} {ergonomic}
    uintx ReservedCodeCacheSize                    = 251658240                              {pd product} {ergonomic}
     bool SegmentedCodeCache                       = true                                      {product} {ergonomic}
   size_t SoftMaxHeapSize                          = 4123000832                             {manageable} {ergonomic}
     bool UseCompressedClassPointers               = true                           {product lp64_product} {ergonomic}
     bool UseCompressedOops                        = true                           {product lp64_product} {ergonomic}
     bool UseG1GC                                  = true                                      {product} {ergonomic}
     bool UseLargePagesIndividualAllocation        = false                                  {pd product} {ergonomic}

Logging:
Log output configuration:
 #0: stdout all=warning uptime,level,tags
 #1: stderr all=off uptime,level,tags

Environment Variables:
JAVA_HOME=C:\Program Files\Eclipse Adoptium\jdk-8.0.352.8-hotspot
PATH=C:\Program Files\Eclipse Adoptium\jdk-17.0.5.8-hotspot\bin;"C:\Program Files\Eclipse Adoptium\jdk-8.0.352.8-hotspot\bin;";C:\WINDOWS\system32;C:\WINDOWS;C:\WINDOWS\System32\Wbem;C:\WINDOWS\System32\WindowsPowerShell\v1.0\;C:\WINDOWS\System32\OpenSSH\;C:\Program Files\Git\cmd;C:\Program Files\Eclipse Adoptium\jdk-8.0.352.8-hotspot\bin;;C:\Program Files\Docker\Docker\resources\bin;C:\Users\anton\AppData\Local\Microsoft\WindowsApps;C:\Users\anton\AppData\Local\GitHubDesktop\bin;C:\Users\anton\AppData\Local\Programs\Microsoft VS Code\bin;C:\Program Files\liquibase
USERNAME=anton
OS=Windows_NT
PROCESSOR_IDENTIFIER=AMD64 Family 25 Model 80 Stepping 0, AuthenticAMD
TMP=C:\Users\anton\AppData\Local\Temp
TEMP=C:\Users\anton\AppData\Local\Temp



---------------  S Y S T E M  ---------------

OS:
 Windows 11 , 64 bit Build 22000 (10.0.22000.1335)
OS uptime: 1 days 5:30 hours
Hyper-V role detected

CPU: total 12 (initial active 12) (12 cores per cpu, 2 threads per core) family 25 model 80 stepping 0 microcode 0x0, cx8, cmov, fxsr, ht, mmx, 3dnowpref, sse, sse2, sse3, ssse3, sse4a, sse4.1, sse4.2, popcnt, lzcnt, tsc, tscinvbit, avx, avx2, aes, erms, clmul, bmi1, bmi2, adx, sha, fma, vzeroupper, clflush, clflushopt, hv

Memory: 4k page, system-wide physical 15724M (3647M free)
TotalPageFile size 20252M (AvailPageFile size 2960M)
current process WorkingSet (physical memory assigned to process): 69M, peak: 78M
current process commit charge ("private bytes"): 362M, peak: 376M

vm_info: OpenJDK 64-Bit Server VM (17.0.5+8) for windows-amd64 JRE (17.0.5+8), built on Oct 19 2022 04:48:13 by "temurin" with MS VC++ 16.7 (VS2019)

END.
